14:26:57 **** Incremental Build of configuration Debug for project Ass-01-WINNT ****
Info: Internal Builder is used for build
gcc -O0 -g3 -Wall -c -fmessage-length=0 -o "src\\Ass-01-Q02.o" "..\\src\\Ass-01-Q02.c" 
gcc -o Ass-01-WINNT.exe "src\\Ass-01-Q01.o" "src\\Ass-01-Q02.o" "src\\Ass-01-Q03.o" "src\\Ass-01-Q04.o" "src\\Ass-01.o" "src\\main.o" 
Info: Nothing to build for Ass-01-WINNT
14:40:12 **** Incremental Build of configuration Debug for project Ass-01-WINNT ****
Info: Internal Builder is used for build
gcc -O0 -g3 -Wall -c -fmessage-length=0 -o "src\\Ass-01-Q03.o" "..\\src\\Ass-01-Q03.c" 
gcc -o Ass-01-WINNT.exe "src\\Ass-01-Q01.o" "src\\Ass-01-Q02.o" "src\\Ass-01-Q03.o" "src\\Ass-01-Q04.o" "src\\Ass-01.o" "src\\main.o" 
14:42:25 **** Incremental Build of configuration Debug for project Ass-01-WINNT ****
Info: Internal Builder is used for build
gcc -O0 -g3 -Wall -c -fmessage-length=0 -o "src\\Ass-01-Q03.o" "..\\src\\Ass-01-Q03.c" 
gcc -o Ass-01-WINNT.exe "src\\Ass-01-Q01.o" "src\\Ass-01-Q02.o" "src\\Ass-01-Q03.o" "src\\Ass-01-Q04.o" "src\\Ass-01.o" "src\\main.o" 
14:43:54 **** Incremental Build of configuration Debug for project Ass-01-WINNT ****
Info: Internal Builder is used for build
gcc -O0 -g3 -Wall -c -fmessage-length=0 -o "src\\Ass-01-Q03.o" "..\\src\\Ass-01-Q03.c" 
gcc -o Ass-01-WINNT.exe "src\\Ass-01-Q01.o" "src\\Ass-01-Q02.o" "src\\Ass-01-Q03.o" "src\\Ass-01-Q04.o" "src\\Ass-01.o" "src\\main.o" 
15:13:33 **** Incremental Build of configuration Debug for project Ass-01-WINNT ****
Info: Internal Builder is used for build
gcc -O0 -g3 -Wall -c -fmessage-length=0 -o "src\\Ass-01.o" "..\\src\\Ass-01.c" 
gcc -o Ass-01-WINNT.exe "src\\Ass-01-Q01.o" "src\\Ass-01-Q02.o" "src\\Ass-01-Q03.o" "src\\Ass-01-Q04.o" "src\\Ass-01.o" "src\\main.o" 
15:13:55 **** Incremental Build of configuration Debug for project Ass-01-WINNT ****
Info: Internal Builder is used for build
gcc -O0 -g3 -Wall -c -fmessage-length=0 -o "src\\Ass-01.o" "..\\src\\Ass-01.c" 
gcc -o Ass-01-WINNT.exe "src\\Ass-01-Q01.o" "src\\Ass-01-Q02.o" "src\\Ass-01-Q03.o" "src\\Ass-01-Q04.o" "src\\Ass-01.o" "src\\main.o" 
15:14:25 **** Incremental Build of configuration Debug for project Ass-01-WINNT ****
Info: Internal Builder is used for build
gcc -O0 -g3 -Wall -c -fmessage-length=0 -o "src\\Ass-01.o" "..\\src\\Ass-01.c" 
gcc -o Ass-01-WINNT.exe "src\\Ass-01-Q01.o" "src\\Ass-01-Q02.o" "src\\Ass-01-Q03.o" "src\\Ass-01-Q04.o" "src\\Ass-01.o" "src\\main.o" 
15:14:37 **** Incremental Build of configuration Debug for project Ass-01-WINNT ****
Info: Internal Builder is used for build
gcc -O0 -g3 -Wall -c -fmessage-length=0 -o "src\\Ass-01.o" "..\\src\\Ass-01.c" 
gcc -o Ass-01-WINNT.exe "src\\Ass-01-Q01.o" "src\\Ass-01-Q02.o" "src\\Ass-01-Q03.o" "src\\Ass-01-Q04.o" "src\\Ass-01.o" "src\\main.o" 
15:15:26 **** Incremental Build of configuration Debug for project Ass-01-WINNT ****
Info: Internal Builder is used for build
gcc -O0 -g3 -Wall -c -fmessage-length=0 -o "src\\Ass-01.o" "..\\src\\Ass-01.c" 
gcc -o Ass-01-WINNT.exe "src\\Ass-01-Q01.o" "src\\Ass-01-Q02.o" "src\\Ass-01-Q03.o" "src\\Ass-01-Q04.o" "src\\Ass-01.o" "src\\main.o" 
15:15:45 **** Incremental Build of configuration Debug for project Ass-01-WINNT ****
Info: Internal Builder is used for build
gcc -O0 -g3 -Wall -c -fmessage-length=0 -o "src\\Ass-01.o" "..\\src\\Ass-01.c" 
gcc -o Ass-01-WINNT.exe "src\\Ass-01-Q01.o" "src\\Ass-01-Q02.o" "src\\Ass-01-Q03.o" "src\\Ass-01-Q04.o" "src\\Ass-01.o" "src\\main.o" 
15:16:02 **** Incremental Build of configuration Debug for project Ass-01-WINNT ****
Info: Internal Builder is used for build
gcc -O0 -g3 -Wall -c -fmessage-length=0 -o "src\\Ass-01.o" "..\\src\\Ass-01.c" 
gcc -o Ass-01-WINNT.exe "src\\Ass-01-Q01.o" "src\\Ass-01-Q02.o" "src\\Ass-01-Q03.o" "src\\Ass-01-Q04.o" "src\\Ass-01.o" "src\\main.o" 
